cl : Command line warning D9002: ignoring unknown option '-_CRT_SECURE_NO_WARNINGS'
  soloud_waveshaperfilter.cpp
c:\backup\github\rogydev\rogy\thirdparty\soloud\src\filter\soloud_waveshaperfilter.cpp(27): fatal error C1083: Cannot open include file: 'soloud.h': No such file or directory
  soloud_robotizefilter.cpp
c:\backup\github\rogydev\rogy\thirdparty\soloud\src\filter\soloud_robotizefilter.cpp(26): fatal error C1083: Cannot open include file: 'soloud.h': No such file or directory
  soloud_lofifilter.cpp
c:\backup\github\rogydev\rogy\thirdparty\soloud\src\filter\soloud_lofifilter.cpp(27): fatal error C1083: Cannot open include file: 'soloud.h': No such file or directory
  soloud_freeverbfilter.cpp
c:\backup\github\rogydev\rogy\thirdparty\soloud\src\filter\soloud_freeverbfilter.cpp(27): fatal error C1083: Cannot open include file: 'soloud.h': No such file or directory
  soloud_flangerfilter.cpp
c:\backup\github\rogydev\rogy\thirdparty\soloud\src\filter\soloud_flangerfilter.cpp(25): fatal error C1083: Cannot open include file: 'soloud.h': No such file or directory
  soloud_fftfilter.cpp
c:\backup\github\rogydev\rogy\thirdparty\soloud\src\filter\soloud_fftfilter.cpp(26): fatal error C1083: Cannot open include file: 'soloud.h': No such file or directory
  soloud_echofilter.cpp
c:\backup\github\rogydev\rogy\thirdparty\soloud\src\filter\soloud_echofilter.cpp(25): fatal error C1083: Cannot open include file: 'soloud.h': No such file or directory
  soloud_dcremovalfilter.cpp
c:\backup\github\rogydev\rogy\thirdparty\soloud\src\filter\soloud_dcremovalfilter.cpp(25): fatal error C1083: Cannot open include file: 'soloud.h': No such file or directory
  soloud_biquadresonantfilter.cpp
c:\backup\github\rogydev\rogy\thirdparty\soloud\src\filter\soloud_biquadresonantfilter.cpp(32): fatal error C1083: Cannot open include file: 'soloud.h': No such file or directory
  soloud_bassboostfilter.cpp
c:\backup\github\rogydev\rogy\thirdparty\soloud\src\filter\soloud_bassboostfilter.cpp(26): fatal error C1083: Cannot open include file: 'soloud.h': No such file or directory
  soloud_c.cpp
c:\backup\github\rogydev\rogy\thirdparty\soloud\src\c_api\soloud_c.cpp(32): fatal error C1083: Cannot open include file: '../include/soloud.h': No such file or directory
  soloud_thread.cpp
c:\backup\github\rogydev\rogy\thirdparty\soloud\src\core\soloud_thread.cpp(34): fatal error C1083: Cannot open include file: 'soloud.h': No such file or directory
  soloud_queue.cpp
c:\backup\github\rogydev\rogy\thirdparty\soloud\src\core\soloud_queue.cpp(25): fatal error C1083: Cannot open include file: 'soloud.h': No such file or directory
  soloud_misc.cpp
c:\backup\github\rogydev\rogy\thirdparty\soloud\src\core\soloud_misc.cpp(25): fatal error C1083: Cannot open include file: 'soloud_misc.h': No such file or directory
  soloud_filter.cpp
c:\backup\github\rogydev\rogy\thirdparty\soloud\src\core\soloud_filter.cpp(25): fatal error C1083: Cannot open include file: 'soloud.h': No such file or directory
  soloud_file.cpp
c:\backup\github\rogydev\rogy\thirdparty\soloud\src\core\soloud_file.cpp(30): fatal error C1083: Cannot open include file: 'soloud.h': No such file or directory
  soloud_fft_lut.cpp
  soloud_fft.cpp
c:\backup\github\rogydev\rogy\thirdparty\soloud\src\core\soloud_fft.cpp(27): fatal error C1083: Cannot open include file: 'soloud.h': No such file or directory
  soloud_fader.cpp
c:\backup\github\rogydev\rogy\thirdparty\soloud\src\core\soloud_fader.cpp(25): fatal error C1083: Cannot open include file: 'soloud.h': No such file or directory
  soloud_core_voiceops.cpp
c:\backup\github\rogydev\rogy\thirdparty\soloud\src\core\soloud_core_voiceops.cpp(25): fatal error C1083: Cannot open include file: 'soloud.h': No such file or directory
  Generating Code...
  Compiling...
  soloud_core_voicegroup.cpp
c:\backup\github\rogydev\rogy\thirdparty\soloud\src\core\soloud_core_voicegroup.cpp(25): fatal error C1083: Cannot open include file: 'soloud.h': No such file or directory
  soloud_core_setters.cpp
c:\backup\github\rogydev\rogy\thirdparty\soloud\src\core\soloud_core_setters.cpp(25): fatal error C1083: Cannot open include file: 'soloud_internal.h': No such file or directory
  soloud_core_getters.cpp
c:\backup\github\rogydev\rogy\thirdparty\soloud\src\core\soloud_core_getters.cpp(25): fatal error C1083: Cannot open include file: 'soloud.h': No such file or directory
  soloud_core_filterops.cpp
c:\backup\github\rogydev\rogy\thirdparty\soloud\src\core\soloud_core_filterops.cpp(25): fatal error C1083: Cannot open include file: 'soloud_internal.h': No such file or directory
  soloud_core_faderops.cpp
c:\backup\github\rogydev\rogy\thirdparty\soloud\src\core\soloud_core_faderops.cpp(25): fatal error C1083: Cannot open include file: 'soloud_internal.h': No such file or directory
  soloud_core_basicops.cpp
c:\backup\github\rogydev\rogy\thirdparty\soloud\src\core\soloud_core_basicops.cpp(26): fatal error C1083: Cannot open include file: 'soloud_internal.h': No such file or directory
  soloud_core_3d.cpp
c:\backup\github\rogydev\rogy\thirdparty\soloud\src\core\soloud_core_3d.cpp(26): fatal error C1083: Cannot open include file: 'soloud_internal.h': No such file or directory
  soloud_bus.cpp
c:\backup\github\rogydev\rogy\thirdparty\soloud\src\core\soloud_bus.cpp(25): fatal error C1083: Cannot open include file: 'soloud.h': No such file or directory
  soloud_audiosource.cpp
c:\backup\github\rogydev\rogy\thirdparty\soloud\src\core\soloud_audiosource.cpp(25): fatal error C1083: Cannot open include file: 'soloud.h': No such file or directory
  soloud.cpp
c:\backup\github\rogydev\rogy\thirdparty\soloud\src\core\soloud.cpp(29): fatal error C1083: Cannot open include file: 'soloud_internal.h': No such file or directory
  soloud_openal.cpp
c:\backup\github\rogydev\rogy\thirdparty\soloud\src\backend\openal\soloud_openal.cpp(27): fatal error C1083: Cannot open include file: 'soloud.h': No such file or directory
  soloud_wavstream.cpp
c:\backup\github\rogydev\rogy\thirdparty\soloud\src\audiosource\wav\soloud_wavstream.cpp(28): fatal error C1083: Cannot open include file: 'soloud.h': No such file or directory
  soloud_wav.cpp
c:\backup\github\rogydev\rogy\thirdparty\soloud\src\audiosource\wav\soloud_wav.cpp(28): fatal error C1083: Cannot open include file: 'soloud.h': No such file or directory
  dr_impl.cpp
  soloud_vizsn.cpp
c:\backup\github\rogydev\rogy\thirdparty\soloud\src\audiosource\vizsn\soloud_vizsn.cpp(17): fatal error C1083: Cannot open include file: 'soloud_vizsn.h': No such file or directory
  soloud_vic.cpp
c:\backup\github\rogydev\rogy\thirdparty\soloud\src\audiosource\vic\soloud_vic.cpp(32): fatal error C1083: Cannot open include file: 'soloud_vic.h': No such file or directory
  ted.cpp
  soloud_tedsid.cpp
c:\backup\github\rogydev\rogy\thirdparty\soloud\src\audiosource\tedsid\soloud_tedsid.cpp(31): fatal error C1083: Cannot open include file: 'soloud_tedsid.h': No such file or directory
  sid.cpp
  tts.cpp
  Generating Code...
  Compiling...
  soloud_speech.cpp
c:\backup\github\rogydev\rogy\thirdparty\soloud\src\audiosource\speech\soloud_speech.cpp(25): fatal error C1083: Cannot open include file: 'soloud.h': No such file or directory
  resonator.cpp
  klatt.cpp
  darray.cpp
  soloud_sfxr.cpp
c:\backup\github\rogydev\rogy\thirdparty\soloud\src\audiosource\sfxr\soloud_sfxr.cpp(29): fatal error C1083: Cannot open include file: 'soloud_sfxr.h': No such file or directory
  soloud_openmpt.cpp
c:\backup\github\rogydev\rogy\thirdparty\soloud\src\audiosource\openmpt\soloud_openmpt.cpp(27): fatal error C1083: Cannot open include file: 'soloud_openmpt.h': No such file or directory
  soloud_noise.cpp
c:\backup\github\rogydev\rogy\thirdparty\soloud\src\audiosource\noise\soloud_noise.cpp(29): fatal error C1083: Cannot open include file: 'soloud_noise.h': No such file or directory
  soloud_monotone.cpp
c:\backup\github\rogydev\rogy\thirdparty\soloud\src\audiosource\monotone\soloud_monotone.cpp(29): fatal error C1083: Cannot open include file: 'soloud_monotone.h': No such file or directory
  imgui_widgets.cpp
  imgui_stdlib.cpp
  imgui_impl_opengl3.cpp
  imgui_impl_glfw.cpp
  imgui_draw.cpp
  imgui_demo.cpp
  imgui.cpp
  ImGuiFileDialog.cpp
c:\backup\github\rogydev\rogy\thirdparty\imguifiledialog\imguifiledialog.h(27): fatal error C1083: Cannot open include file: 'imgui.h': No such file or directory
  btVector3.cpp
c:\backup\github\rogydev\rogy\thirdparty\bullet\linearmath\btvector3.cpp(46): warning C4838: conversion from 'int' to 'const unsigned char' requires a narrowing conversion
c:\backup\github\rogydev\rogy\thirdparty\bullet\linearmath\btvector3.cpp(171): warning C4267: '=': conversion from 'size_t' to 'long', possible loss of data
c:\backup\github\rogydev\rogy\thirdparty\bullet\linearmath\btvector3.cpp(176): warning C4267: '-=': conversion from 'size_t' to 'unsigned long', possible loss of data
c:\backup\github\rogydev\rogy\thirdparty\bullet\linearmath\btvector3.cpp(419): warning C4267: '=': conversion from 'size_t' to 'long', possible loss of data
c:\backup\github\rogydev\rogy\thirdparty\bullet\linearmath\btvector3.cpp(431): warning C4838: conversion from 'int' to 'const unsigned char' requires a narrowing conversion
c:\backup\github\rogydev\rogy\thirdparty\bullet\linearmath\btvector3.cpp(556): warning C4267: '=': conversion from 'size_t' to 'long', possible loss of data
c:\backup\github\rogydev\rogy\thirdparty\bullet\linearmath\btvector3.cpp(561): warning C4267: '-=': conversion from 'size_t' to 'unsigned long', possible loss of data
c:\backup\github\rogydev\rogy\thirdparty\bullet\linearmath\btvector3.cpp(807): warning C4267: '=': conversion from 'size_t' to 'long', possible loss of data
  btSerializer.cpp
  btQuickprof.cpp
  btPolarDecomposition.cpp
c:\backup\github\rogydev\rogy\thirdparty\bullet\linearmath\btpolardecomposition.cpp(63): warning C4244: 'initializing': conversion from 'double' to 'btScalar', possible loss of data
c:\backup\github\rogydev\rogy\thirdparty\bullet\linearmath\btpolardecomposition.cpp(63): warning C4244: 'initializing': conversion from 'double' to 'const btScalar', possible loss of data
c:\backup\github\rogydev\rogy\thirdparty\bullet\linearmath\btpolardecomposition.cpp(66): warning C4244: 'argument': conversion from 'double' to 'const btScalar', possible loss of data
  Generating Code...
  Compiling...
  btGeometryUtil.cpp
  btConvexHullComputer.cpp
  btConvexHull.cpp
  btAlignedAllocator.cpp
  btWheelInfo.cpp
  btRaycastVehicle.cpp
c:\backup\github\rogydev\rogy\thirdparty\bullet\bulletdynamics\constraintsolver\btcontactconstraint.h(25): warning C4359: 'btContactConstraint': Alignment specifier is less than actual alignment (128), and will be ignored.
  Bullet-C-API.cpp
  btSimpleDynamicsWorld.cpp
  btRigidBody.cpp
  btDiscreteDynamicsWorld.cpp
c:\backup\github\rogydev\rogy\thirdparty\bullet\bulletdynamics\constraintsolver\btcontactconstraint.h(25): warning C4359: 'btContactConstraint': Alignment specifier is less than actual alignment (128), and will be ignored.
  btUniversalConstraint.cpp
  btTypedConstraint.cpp
  btSolve2LinearConstraint.cpp
  btSliderConstraint.cpp
  btSequentialImpulseConstraintSolver.cpp
  btPoint2PointConstraint.cpp
  btHingeConstraint.cpp
  btHinge2Constraint.cpp
  btGeneric6DofSpringConstraint.cpp
  btGeneric6DofConstraint.cpp
  Generating Code...
  Compiling...
  btGearConstraint.cpp
  btContactConstraint.cpp
c:\backup\github\rogydev\rogy\thirdparty\bullet\bulletdynamics\constraintsolver\btcontactconstraint.h(25): warning C4359: 'btContactConstraint': Alignment specifier is less than actual alignment (128), and will be ignored.
  btConeTwistConstraint.cpp
c:\backup\github\rogydev\rogy\thirdparty\bullet\bulletdynamics\constraintsolver\btconetwistconstraint.cpp(860): warning C4244: '=': conversion from 'double' to 'btScalar', possible loss of data
c:\backup\github\rogydev\rogy\thirdparty\bullet\bulletdynamics\constraintsolver\btconetwistconstraint.cpp(905): warning C4244: '=': conversion from 'double' to 'float', possible loss of data
c:\backup\github\rogydev\rogy\thirdparty\bullet\bulletdynamics\constraintsolver\btconetwistconstraint.cpp(965): warning C4244: '=': conversion from 'double' to 'btScalar', possible loss of data
c:\backup\github\rogydev\rogy\thirdparty\bullet\bulletdynamics\constraintsolver\btconetwistconstraint.cpp(967): warning C4244: '=': conversion from 'double' to 'btScalar', possible loss of data
  btKinematicCharacterController.cpp
c:\backup\github\rogydev\rogy\thirdparty\bullet\bulletdynamics\character\btkinematiccharactercontroller.cpp(133): warning C4305: '=': truncation from 'double' to 'btScalar'
c:\backup\github\rogydev\rogy\thirdparty\bullet\bulletdynamics\character\btkinematiccharactercontroller.cpp(144): warning C4305: '=': truncation from 'double' to 'btScalar'
  btVoronoiSimplexSolver.cpp
  btSubSimplexConvexCast.cpp
  btRaycastCallback.cpp
  btPolyhedralContactClipping.cpp
  btPersistentManifold.cpp
  btMinkowskiPenetrationDepthSolver.cpp
  btGjkPairDetector.cpp
  btGjkEpaPenetrationDepthSolver.cpp
  btGjkEpa2.cpp
  btGjkConvexCast.cpp
  btConvexCast.cpp
  btContinuousConvexCollision.cpp
  gim_tri_collision.cpp
  gim_memory.cpp
  gim_contact.cpp
  gim_box_set.cpp
  Generating Code...
  Compiling...
  btTriangleShapeEx.cpp
  btGImpactShape.cpp
  btGImpactQuantizedBvh.cpp
  btGImpactCollisionAlgorithm.cpp
  btGImpactBvh.cpp
  btGenericPoolAllocator.cpp
  btContactProcessing.cpp
  btUniformScalingShape.cpp
  btTriangleMeshShape.cpp
  btTriangleMesh.cpp
  btTriangleIndexVertexMaterialArray.cpp
  btTriangleIndexVertexArray.cpp
  btTriangleCallback.cpp
  btTriangleBuffer.cpp
  btTetrahedronShape.cpp
  btStridingMeshInterface.cpp
  btStaticPlaneShape.cpp
  btSphereShape.cpp
  btShapeHull.cpp
  btScaledBvhTriangleMeshShape.cpp
  Generating Code...
  Compiling...
  btPolyhedralConvexShape.cpp
  btOptimizedBvh.cpp
  btMultiSphereShape.cpp
  btMultimaterialTriangleMeshShape.cpp
  btMinkowskiSumShape.cpp
  btHeightfieldTerrainShape.cpp
  btEmptyShape.cpp
  btCylinderShape.cpp
  btConvexTriangleMeshShape.cpp
  btConvexShape.cpp
  btConvexPolyhedron.cpp
  btConvexPointCloudShape.cpp
  btConvexInternalShape.cpp
  btConvexHullShape.cpp
  btConvex2dShape.cpp
  btConeShape.cpp
  btConcaveShape.cpp
  btCompoundShape.cpp
c:\backup\github\rogydev\rogy\thirdparty\bullet\bulletcollision\collisionshapes\btcompoundshape.cpp(81): warning C4312: 'type cast': conversion from 'int' to 'void *' of greater size
c:\backup\github\rogydev\rogy\thirdparty\bullet\bulletcollision\collisionshapes\btcompoundshape.cpp(313): warning C4312: 'type cast': conversion from 'int' to 'void *' of greater size
  btCollisionShape.cpp
  btCapsuleShape.cpp
  Generating Code...
  Compiling...
  btBvhTriangleMeshShape.cpp
  btBoxShape.cpp
  btBox2dShape.cpp
  SphereTriangleDetector.cpp
  btUnionFind.cpp
  btSphereTriangleCollisionAlgorithm.cpp
  btSphereSphereCollisionAlgorithm.cpp
  btSphereBoxCollisionAlgorithm.cpp
  btSimulationIslandManager.cpp
  btManifoldResult.cpp
  btInternalEdgeUtility.cpp
  btGhostObject.cpp
  btEmptyCollisionAlgorithm.cpp
  btDefaultCollisionConfiguration.cpp
  btConvexPlaneCollisionAlgorithm.cpp
  btConvexConvexAlgorithm.cpp
  btConvexConcaveCollisionAlgorithm.cpp
  btConvex2dConvex2dAlgorithm.cpp
  btCompoundCollisionAlgorithm.cpp
  btCollisionWorld.cpp
  Generating Code...
  Compiling...
  btCollisionObject.cpp
  btCollisionDispatcher.cpp
  btBoxBoxDetector.cpp
  btBoxBoxCollisionAlgorithm.cpp
  btBox2dBox2dCollisionAlgorithm.cpp
  btActivatingCollisionAlgorithm.cpp
  btSimpleBroadphase.cpp
  btQuantizedBvh.cpp
  btOverlappingPairCache.cpp
  btMultiSapBroadphase.cpp
  btDispatcher.cpp
  btDbvtBroadphase.cpp
  btDbvt.cpp
  btCollisionAlgorithm.cpp
  btBroadphaseProxy.cpp
  btAxisSweep3.cpp
  Main.cpp
c:\backup\github\rogydev\rogy\engine\mesh\mesh.h(69): warning C4267: 'argument': conversion from 'size_t' to 'GLsizei', possible loss of data
c:\backup\github\rogydev\rogy\engine\animation\skeleton.h(68): warning C4267: 'argument': conversion from 'size_t' to 'GLsizei', possible loss of data
c:\backup\github\rogydev\rogy\engine\scene\entity.h(82): warning C4267: 'return': conversion from 'size_t' to 'unsigned int', possible loss of data
c:\program files (x86)\windows kits\8.1\include\shared\minwindef.h(130): warning C4005: 'APIENTRY': macro redefinition
  c:\backup\github\rogydev\rogy\include\glfw\glfw3.h(104): note: see previous definition of 'APIENTRY'
c:\backup\github\rogydev\rogy\engine\editor\game_editor.h(10): fatal error C1083: Cannot open include file: 'imgui.h': No such file or directory
  xatlas.cpp
  ImGuizmo.cpp
c:\backup\github\rogydev\rogy\include\imguizmo.cpp(23): fatal error C1083: Cannot open include file: 'imgui.h': No such file or directory
  rogy_window.cpp
  Generating Code...
  Compiling...
  UIRenderer.cpp
c:\backup\github\rogydev\rogy\engine\ui\uicomponents.h(7): fatal error C1083: Cannot open include file: 'imgui.h': No such file or directory
  UIWidget.cpp
c:\backup\github\rogydev\rogy\engine\ui\uicomponents.h(7): fatal error C1083: Cannot open include file: 'imgui.h': No such file or directory
  texture.cpp
c:\backup\github\rogydev\rogy\engine\shading\texture.cpp(180): warning C4244: 'argument': conversion from 'GLenum' to 'GLfloat', possible loss of data
  shader.cpp
  material.cpp
  ScriptManager.cpp
c:\backup\github\rogydev\rogy\engine\scripting\scriptmanager.cpp(111): warning C4267: '=': conversion from 'size_t' to 'int', possible loss of data
  LuaScriptSerializer.cpp
  LuaScriptObject.cpp
c:\backup\github\rogydev\rogy\engine\scripting\luascriptobject.cpp(427): warning C4267: 'initializing': conversion from 'size_t' to 'int', possible loss of data
  LMath.cpp
  transform.cpp
  Scene.cpp
c:\backup\github\rogydev\rogy\engine\scene\entity.h(82): warning C4267: 'return': conversion from 'size_t' to 'unsigned int', possible loss of data
  RTransform.cpp
  RComponent.cpp
  EntitySerializer.cpp
c:\backup\github\rogydev\rogy\engine\mesh\mesh.h(69): warning C4267: 'argument': conversion from 'size_t' to 'GLsizei', possible loss of data
c:\backup\github\rogydev\rogy\engine\audio\audiosource.h(4): fatal error C1083: Cannot open include file: 'soloud.h': No such file or directory
  Entity.cpp
c:\backup\github\rogydev\rogy\engine\scene\entity.h(82): warning C4267: 'return': conversion from 'size_t' to 'unsigned int', possible loss of data
c:\backup\github\rogydev\rogy\engine\scene\entity.cpp(213): warning C4267: 'return': conversion from 'size_t' to 'int', possible loss of data
  Rogy.cpp
c:\backup\github\rogydev\rogy\engine\mesh\mesh.h(69): warning C4267: 'argument': conversion from 'size_t' to 'GLsizei', possible loss of data
c:\backup\github\rogydev\rogy\engine\animation\skeleton.h(68): warning C4267: 'argument': conversion from 'size_t' to 'GLsizei', possible loss of data
c:\backup\github\rogydev\rogy\engine\scene\entity.h(82): warning C4267: 'return': conversion from 'size_t' to 'unsigned int', possible loss of data
c:\program files (x86)\windows kits\8.1\include\shared\minwindef.h(130): warning C4005: 'APIENTRY': macro redefinition
  c:\backup\github\rogydev\rogy\include\glfw\glfw3.h(104): note: see previous definition of 'APIENTRY'
c:\backup\github\rogydev\rogy\engine\editor\game_editor.h(10): fatal error C1083: Cannot open include file: 'imgui.h': No such file or directory
  modelmanger.cpp
c:\backup\github\rogydev\rogy\engine\mesh\mesh.h(69): warning C4267: 'argument': conversion from 'size_t' to 'GLsizei', possible loss of data
c:\backup\github\rogydev\rogy\engine\animation\skeleton.h(68): warning C4267: 'argument': conversion from 'size_t' to 'GLsizei', possible loss of data
  resources_manger.cpp
c:\backup\github\rogydev\rogy\engine\mesh\mesh.h(69): warning C4267: 'argument': conversion from 'size_t' to 'GLsizei', possible loss of data
c:\backup\github\rogydev\rogy\engine\animation\skeleton.h(68): warning C4267: 'argument': conversion from 'size_t' to 'GLsizei', possible loss of data
c:\backup\github\rogydev\rogy\engine\scene\entity.h(82): warning C4267: 'return': conversion from 'size_t' to 'unsigned int', possible loss of data
  material_library.cpp
  ssao_effect.cpp
  Generating Code...
  Compiling...
  shadow_map.cpp
c:\backup\github\rogydev\rogy\engine\renderer\shadow_map.cpp(352): warning C4267: '=': conversion from 'size_t' to 'unsigned int', possible loss of data
c:\backup\github\rogydev\rogy\engine\renderer\shadow_map.cpp(375): warning C4267: '=': conversion from 'size_t' to 'unsigned int', possible loss of data
c:\backup\github\rogydev\rogy\engine\renderer\shadow_map.cpp(539): warning C4267: '=': conversion from 'size_t' to 'unsigned int', possible loss of data
c:\backup\github\rogydev\rogy\engine\renderer\shadow_map.cpp(563): warning C4267: '=': conversion from 'size_t' to 'unsigned int', possible loss of data
  RTools.cpp
c:\backup\github\rogydev\rogy\engine\renderer\rtools.cpp(139): warning C4267: '=': conversion from 'size_t' to 'unsigned int', possible loss of data
  render_buffer.cpp
c:\backup\github\rogydev\rogy\engine\mesh\mesh.h(69): warning C4267: 'argument': conversion from 'size_t' to 'GLsizei', possible loss of data
  renderer.cpp
c:\backup\github\rogydev\rogy\engine\mesh\mesh.h(69): warning C4267: 'argument': conversion from 'size_t' to 'GLsizei', possible loss of data
c:\backup\github\rogydev\rogy\engine\animation\skeleton.h(68): warning C4267: 'argument': conversion from 'size_t' to 'GLsizei', possible loss of data
c:\backup\github\rogydev\rogy\engine\scene\entity.h(82): warning C4267: 'return': conversion from 'size_t' to 'unsigned int', possible loss of data
c:\backup\github\rogydev\rogy\engine\renderer\renderer.cpp(749): warning C4267: 'argument': conversion from 'size_t' to 'int', possible loss of data
c:\backup\github\rogydev\rogy\engine\renderer\renderer.cpp(1096): warning C4267: 'argument': conversion from 'size_t' to 'GLuint', possible loss of data
c:\backup\github\rogydev\rogy\engine\renderer\renderer.cpp(1103): warning C4267: 'argument': conversion from 'size_t' to 'int', possible loss of data
c:\backup\github\rogydev\rogy\engine\renderer\renderer.cpp(1103): warning C4267: 'argument': conversion from 'size_t' to 'GLuint', possible loss of data
c:\backup\github\rogydev\rogy\engine\renderer\renderer.cpp(1111): warning C4267: 'argument': conversion from 'size_t' to 'int', possible loss of data
c:\backup\github\rogydev\rogy\engine\renderer\renderer.cpp(1111): warning C4267: 'argument': conversion from 'size_t' to 'GLuint', possible loss of data
c:\backup\github\rogydev\rogy\engine\renderer\renderer.cpp(1387): warning C4267: 'argument': conversion from 'size_t' to 'GLuint', possible loss of data
c:\backup\github\rogydev\rogy\engine\renderer\renderer.cpp(1394): warning C4267: 'argument': conversion from 'size_t' to 'int', possible loss of data
c:\backup\github\rogydev\rogy\engine\renderer\renderer.cpp(1394): warning C4267: 'argument': conversion from 'size_t' to 'GLuint', possible loss of data
c:\backup\github\rogydev\rogy\engine\renderer\renderer.cpp(1404): warning C4267: 'argument': conversion from 'size_t' to 'int', possible loss of data
c:\backup\github\rogydev\rogy\engine\renderer\renderer.cpp(1404): warning C4267: 'argument': conversion from 'size_t' to 'GLuint', possible loss of data
c:\backup\github\rogydev\rogy\engine\renderer\renderer.cpp(1551): warning C4267: 'initializing': conversion from 'size_t' to 'int', possible loss of data
c:\backup\github\rogydev\rogy\engine\renderer\renderer.cpp(1811): warning C4267: 'argument': conversion from 'size_t' to 'GLenum', possible loss of data
c:\backup\github\rogydev\rogy\engine\renderer\renderer.cpp(1878): warning C4267: 'argument': conversion from 'size_t' to 'int', possible loss of data
c:\backup\github\rogydev\rogy\engine\renderer\renderer.cpp(1929): warning C4267: 'argument': conversion from 'size_t' to 'int', possible loss of data
  renderCache.cpp
  postprocessing.cpp
  lights_impl.cpp
  IBL.cpp
